<?xml version="1.0" encoding="UTF-8"?>
<!-- Generated by org.testng.reporters.JUnitXMLReporter -->
<testsuite ignored="0" hostname="pc" failures="1" tests="1" name="Test" time="3.04" errors="0" timestamp="2020-11-05T12:17:20 EST">
  <testcase classname="testFiles.HomePageTest" name="invokehomePage" time="2.924">
    <failure type="org.openqa.selenium.SessionNotCreatedException" message="session not created: This version of ChromeDriver only supports Chrome version 83
Build info: version: &amp;apos;3.141.59&amp;apos;, revision: &amp;apos;e82be7d358&amp;apos;, time: &amp;apos;2018-11-14T08:17:03&amp;apos;
System info: host: &amp;apos;PC&amp;apos;, ip: &amp;apos;192.168.25.1&amp;apos;, os.name: &amp;apos;Windows 10&amp;apos;, os.arch: &amp;apos;amd64&amp;apos;, os.version: &amp;apos;10.0&amp;apos;, java.version: &amp;apos;11.0.7&amp;apos;
Driver info: driver.version: ChromeDriver
remote stacktrace: Backtrace:
	Ordinal0 [0x00539563+2725219]
	Ordinal0 [0x00438551+1672529]
	Ordinal0 [0x00320359+525145]
	Ordinal0 [0x002B0B77+68471]
	Ordinal0 [0x002AD32C+54060]
	Ordinal0 [0x002CCC37+183351]
	Ordinal0 [0x002CCA3D+182845]
	Ordinal0 [0x002CA94B+174411]
	Ordinal0 [0x002B2528+75048]
	Ordinal0 [0x002B35A0+79264]
	Ordinal0 [0x002B3539+79161]
	Ordinal0 [0x0044D607+1758727]
	GetHandleVerifier [0x00656546+1050150]
	GetHandleVerifier [0x00656291+1049457]
	GetHandleVerifier [0x006610D7+1094071]
	GetHandleVerifier [0x00656B46+1051686]
	Ordinal0 [0x00445B06+1727238]
	Ordinal0 [0x0044EB7B+1764219]
	Ordinal0 [0x0044ECE3+1764579]
	Ordinal0 [0x00464C05+1854469]
	BaseThreadInitThunk [0x74B56359+25]
	RtlGetAppContainerNamedObjectPath [0x77267C24+228]
	RtlGetAppContainerNamedObjectPath [0x77267BF4+180]
">
      <![CDATA[org.openqa.selenium.SessionNotCreatedException: session not created: This version of ChromeDriver only supports Chrome version 83
Build info: version: '3.141.59', revision: 'e82be7d358', time: '2018-11-14T08:17:03'
System info: host: 'PC', ip: '192.168.25.1', os.name: 'Windows 10', os.arch: 'amd64', os.version: '10.0', java.version: '11.0.7'
Driver info: driver.version: ChromeDriver
remote stacktrace: Backtrace:
Ordinal0 [0x00539563+2725219]
Ordinal0 [0x00438551+1672529]
Ordinal0 [0x00320359+525145]
Ordinal0 [0x002B0B77+68471]
Ordinal0 [0x002AD32C+54060]
Ordinal0 [0x002CCC37+183351]
Ordinal0 [0x002CCA3D+182845]
Ordinal0 [0x002CA94B+174411]
Ordinal0 [0x002B2528+75048]
Ordinal0 [0x002B35A0+79264]
Ordinal0 [0x002B3539+79161]
Ordinal0 [0x0044D607+1758727]
GetHandleVerifier [0x00656546+1050150]
GetHandleVerifier [0x00656291+1049457]
GetHandleVerifier [0x006610D7+1094071]
GetHandleVerifier [0x00656B46+1051686]
Ordinal0 [0x00445B06+1727238]
Ordinal0 [0x0044EB7B+1764219]
Ordinal0 [0x0044ECE3+1764579]
Ordinal0 [0x00464C05+1854469]
BaseThreadInitThunk [0x74B56359+25]
RtlGetAppContainerNamedObjectPath [0x77267C24+228]
RtlGetAppContainerNamedObjectPath [0x77267BF4+180]

at org.openqa.selenium.remote.W3CHandshakeResponse.lambda$errorHandler$0(W3CHandshakeResponse.java:62)
at org.openqa.selenium.remote.HandshakeResponse.lambda$getResponseFunction$0(HandshakeResponse.java:30)
at org.openqa.selenium.remote.ProtocolHandshake.lambda$createSession$0(ProtocolHandshake.java:126)
at java.base/java.util.stream.ReferencePipeline$3$1.accept(ReferencePipeline.java:195)
at java.base/java.util.Spliterators$ArraySpliterator.tryAdvance(Spliterators.java:958)
at java.base/java.util.stream.ReferencePipeline.forEachWithCancel(ReferencePipeline.java:127)
at java.base/java.util.stream.AbstractPipeline.copyIntoWithCancel(AbstractPipeline.java:502)
at java.base/java.util.stream.AbstractPipeline.copyInto(AbstractPipeline.java:488)
at java.base/java.util.stream.AbstractPipeline.wrapAndCopyInto(AbstractPipeline.java:474)
at java.base/java.util.stream.FindOps$FindOp.evaluateSequential(FindOps.java:150)
at java.base/java.util.stream.AbstractPipeline.evaluate(AbstractPipeline.java:234)
at java.base/java.util.stream.ReferencePipeline.findFirst(ReferencePipeline.java:543)
at org.openqa.selenium.remote.ProtocolHandshake.createSession(ProtocolHandshake.java:128)
at org.openqa.selenium.remote.ProtocolHandshake.createSession(ProtocolHandshake.java:74)
at org.openqa.selenium.remote.HttpCommandExecutor.execute(HttpCommandExecutor.java:136)
at org.openqa.selenium.remote.service.DriverCommandExecutor.execute(DriverCommandExecutor.java:83)
at org.openqa.selenium.remote.RemoteWebDriver.execute(RemoteWebDriver.java:552)
at org.openqa.selenium.remote.RemoteWebDriver.startSession(RemoteWebDriver.java:213)
at org.openqa.selenium.remote.RemoteWebDriver.<init>(RemoteWebDriver.java:131)
at org.openqa.selenium.chrome.ChromeDriver.<init>(ChromeDriver.java:181)
at org.openqa.selenium.chrome.ChromeDriver.<init>(ChromeDriver.java:168)
at org.openqa.selenium.chrome.ChromeDriver.<init>(ChromeDriver.java:123)
at resources.base.initializeDriver(base.java:30)
at testFiles.HomePageTest.invokehomePage(HomePageTest.java:15)
at java.base/java.util.ArrayList.forEach(ArrayList.java:1540)
... Removed 31 stack frames]]>
    </failure>
  </testcase> <!-- invokehomePage -->
</testsuite> <!-- Test -->
